<?xml version="1.0" encoding="UTF-8"?>
<!-- Generated by org.testng.reporters.JUnitXMLReporter -->
<testsuite ignored="2" hostname="DESKTOP-05KTQHD" failures="1" tests="1" name="App Test" time="2.546" errors="0" timestamp="2024-10-25T15:04:38 IST">
  <testcase classname="TestCases.AppTest" name="selectAirline" time="0.0">
    <failure type="org.testng.TestNGException" message="
Parameter &amp;apos;date&amp;apos; is required by @Test on method selectAirline but has not been marked @Optional or defined
in E:\Automation Projects\DDF_TestNG_FlightBookingServiceAppTest\TestNGSuite.xml">
      <![CDATA[org.testng.TestNGException: 
Parameter 'date' is required by @Test on method selectAirline but has not been marked @Optional or defined
in E:\Automation Projects\DDF_TestNG_FlightBookingServiceAppTest\TestNGSuite.xml
at java.base/java.util.ArrayList.forEach(ArrayList.java:1511)
... Removed 26 stack frames]]>
    </failure>
  </testcase> <!-- selectAirline -->
  <testcase classname="TestCases.AppTest" name="loginTest" time="0.0">
    <ignored/>
  </testcase> <!-- loginTest -->
  <testcase classname="TestCases.AppTest" name="validateLoginPageTitile" time="0.0">
    <ignored/>
  </testcase> <!-- validateLoginPageTitile -->
</testsuite> <!-- App Test -->
